2025-08-30 16:17:55,092 - INFO - Vérification des états des ouvrages...
2025-08-30 16:17:55,094 - WARNING - AUCUN ÉTAT D'OUVRAGE DÉFINI POUR CETTE STATION
2025-08-30 16:18:11,366 - INFO - Vérification des états des ouvrages...
2025-08-30 16:18:11,367 - WARNING - AUCUN ÉTAT D'OUVRAGE DÉFINI POUR CETTE STATION
2025-08-30 16:18:36,459 - INFO - Vérification des états des ouvrages...
2025-08-30 16:18:36,460 - WARNING - AUCUN ÉTAT D'OUVRAGE DÉFINI POUR CETTE STATION
2025-08-30 16:20:27,099 - INFO - Vérification des états des ouvrages...
2025-08-30 16:20:27,116 - INFO - Préparation du diagramme...
2025-08-30 16:20:27,116 - INFO - Génération du diagramme en cours...
2025-08-30 16:23:41,198 - INFO - Vérification des états des ouvrages...
2025-08-30 16:23:41,199 - INFO - Préparation du diagramme...
2025-08-30 16:23:41,200 - INFO - Génération du diagramme en cours...
2025-08-30 16:25:24,026 - INFO - Vérification des états des ouvrages...
2025-08-30 16:25:24,027 - WARNING - AUCUN ÉTAT D'OUVRAGE DÉFINI POUR CETTE STATION
2025-08-30 16:25:40,289 - INFO - Vérification des états des ouvrages...
2025-08-30 16:25:40,290 - WARNING - AUCUN ÉTAT D'OUVRAGE DÉFINI POUR CETTE STATION
2025-08-30 16:26:31,241 - INFO - Vérification des états des ouvrages...
2025-08-30 16:26:31,242 - INFO - Préparation du diagramme...
2025-08-30 16:26:31,242 - INFO - Génération du diagramme en cours...
2025-08-30 16:26:46,306 - INFO - Vérification des états des ouvrages...
2025-08-30 16:26:46,307 - WARNING - AUCUN ÉTAT D'OUVRAGE DÉFINI POUR CETTE STATION
2025-08-30 16:28:16,657 - INFO - Vérification des états des ouvrages...
2025-08-30 16:28:16,658 - INFO - Préparation du diagramme...
2025-08-30 16:28:16,659 - INFO - Génération du diagramme en cours...
2025-08-30 16:39:37,913 - INFO - Vérification des états des ouvrages...
2025-08-30 16:39:37,915 - INFO - Préparation du diagramme...
2025-08-30 16:39:37,915 - INFO - Génération du diagramme en cours...
2025-08-30 16:45:35,303 - INFO - Vérification des états des ouvrages...
2025-08-30 16:45:35,304 - INFO - Préparation du diagramme...
2025-08-30 16:45:35,304 - INFO - Génération du diagramme en cours...
2025-08-30 16:51:47,568 - INFO - Vérification des états des ouvrages...
2025-08-30 16:51:47,568 - INFO - Préparation du diagramme...
2025-08-30 16:51:47,569 - INFO - Génération du diagramme en cours...
2025-08-30 16:51:47,844 - ERROR - Erreur lors de la génération du diagramme: BoxStyle.Round.__init__() got an unexpected keyword argument 'width'
Traceback (most recent call last):
  File "d:\IA Water Data Analysis\generateur_STEP\diagramme_flux.py", line 1019, in generer_diagramme_station
    diagramme.generer_diagramme(liste_ouvrages, station.get('nom', 'Station inconnue'))
    ~~~~~~~~~~~~~~~~~~~~~~~~~~~^^^^^^^^^^^^^^^^^^^^^^^^^^^^^^^^^^^^^^^^^^^^^^^^^^^^^^^^
  File "d:\IA Water Data Analysis\generateur_STEP\diagramme_flux.py", line 633, in generer_diagramme
    fig, ax = self.dessiner_diagramme(ouvrages_positionnes, titre)
              ~~~~~~~~~~~~~~~~~~~~~~~^^^^^^^^^^^^^^^^^^^^^^^^^^^^^
  File "d:\IA Water Data Analysis\generateur_STEP\diagramme_flux.py", line 690, in dessiner_diagramme
    text = ax.text(
        ouvrage['x'] + self.largeur_bloc/2,  # Utiliser toujours largeur_bloc
    ...<11 lines>...
        )
    )
  File "c:\Users\Hakim\AppData\Local\Programs\Python\Python313\Lib\site-packages\matplotlib\axes\_axes.py", line 710, in text
    t = mtext.Text(x, y, text=s, **effective_kwargs)
  File "c:\Users\Hakim\AppData\Local\Programs\Python\Python313\Lib\site-packages\matplotlib\text.py", line 155, in __init__
    self.update(kwargs)
    ~~~~~~~~~~~^^^^^^^^
  File "c:\Users\Hakim\AppData\Local\Programs\Python\Python313\Lib\site-packages\matplotlib\text.py", line 207, in update
    ret.append(self.set_bbox(bbox))
               ~~~~~~~~~~~~~^^^^^^
  File "c:\Users\Hakim\AppData\Local\Programs\Python\Python313\Lib\site-packages\matplotlib\text.py", line 542, in set_bbox
    self._bbox_patch = FancyBboxPatch(
                       ~~~~~~~~~~~~~~^
        (0, 0), 1, 1,
        ^^^^^^^^^^^^^
        boxstyle=boxstyle, transform=IdentityTransform(), **props)
        ^^^^^^^^^^^^^^^^^^^^^^^^^^^^^^^^^^^^^^^^^^^^^^^^^^^^^^^^^^
  File "c:\Users\Hakim\AppData\Local\Programs\Python\Python313\Lib\site-packages\matplotlib\patches.py", line 3951, in __init__
    self.set_boxstyle(boxstyle)
    ~~~~~~~~~~~~~~~~~^^^^^^^^^^
  File "c:\Users\Hakim\AppData\Local\Programs\Python\Python313\Lib\site-packages\matplotlib\patches.py", line 3992, in set_boxstyle
    BoxStyle(boxstyle, **kwargs)
    ~~~~~~~~^^^^^^^^^^^^^^^^^^^^
  File "c:\Users\Hakim\AppData\Local\Programs\Python\Python313\Lib\site-packages\matplotlib\patches.py", line 2328, in __new__
    return _cls(**{**_args, **kwargs})
TypeError: BoxStyle.Round.__init__() got an unexpected keyword argument 'width'
2025-08-30 16:57:26,698 - INFO - Vérification des états des ouvrages...
2025-08-30 16:57:26,699 - INFO - Préparation du diagramme...
2025-08-30 16:57:26,699 - INFO - Génération du diagramme en cours...
2025-08-30 16:57:26,954 - ERROR - Erreur lors de la génération du diagramme: FancyBboxPatch.set() got an unexpected keyword argument 'boxcoords'
Traceback (most recent call last):
  File "d:\IA Water Data Analysis\generateur_STEP\diagramme_flux.py", line 1021, in generer_diagramme_station
    diagramme.generer_diagramme(liste_ouvrages, station.get('nom', 'Station inconnue'))
    ~~~~~~~~~~~~~~~~~~~~~~~~~~~^^^^^^^^^^^^^^^^^^^^^^^^^^^^^^^^^^^^^^^^^^^^^^^^^^^^^^^^
  File "d:\IA Water Data Analysis\generateur_STEP\diagramme_flux.py", line 633, in generer_diagramme
    fig, ax = self.dessiner_diagramme(ouvrages_positionnes, titre)
              ~~~~~~~~~~~~~~~~~~~~~~~^^^^^^^^^^^^^^^^^^^^^^^^^^^^^
  File "d:\IA Water Data Analysis\generateur_STEP\diagramme_flux.py", line 690, in dessiner_diagramme
    ax.text(
    ~~~~~~~^
        ouvrage['x'] + self.largeur_bloc/2,
        ^^^^^^^^^^^^^^^^^^^^^^^^^^^^^^^^^^^
    ...<13 lines>...
        )
        ^
    )
    ^
  File "c:\Users\Hakim\AppData\Local\Programs\Python\Python313\Lib\site-packages\matplotlib\axes\_axes.py", line 710, in text
    t = mtext.Text(x, y, text=s, **effective_kwargs)
  File "c:\Users\Hakim\AppData\Local\Programs\Python\Python313\Lib\site-packages\matplotlib\text.py", line 155, in __init__
    self.update(kwargs)
    ~~~~~~~~~~~^^^^^^^^
  File "c:\Users\Hakim\AppData\Local\Programs\Python\Python313\Lib\site-packages\matplotlib\text.py", line 207, in update
    ret.append(self.set_bbox(bbox))
               ~~~~~~~~~~~~~^^^^^^
  File "c:\Users\Hakim\AppData\Local\Programs\Python\Python313\Lib\site-packages\matplotlib\text.py", line 542, in set_bbox
    self._bbox_patch = FancyBboxPatch(
                       ~~~~~~~~~~~~~~^
        (0, 0), 1, 1,
        ^^^^^^^^^^^^^
        boxstyle=boxstyle, transform=IdentityTransform(), **props)
        ^^^^^^^^^^^^^^^^^^^^^^^^^^^^^^^^^^^^^^^^^^^^^^^^^^^^^^^^^^
  File "c:\Users\Hakim\AppData\Local\Programs\Python\Python313\Lib\site-packages\matplotlib\patches.py", line 3947, in __init__
    super().__init__(**kwargs)
    ~~~~~~~~~~~~~~~~^^^^^^^^^^
  File "c:\Users\Hakim\AppData\Local\Programs\Python\Python313\Lib\site-packages\matplotlib\patches.py", line 99, in __init__
    self._internal_update(kwargs)
    ~~~~~~~~~~~~~~~~~~~~~^^^^^^^^
  File "c:\Users\Hakim\AppData\Local\Programs\Python\Python313\Lib\site-packages\matplotlib\artist.py", line 1233, in _internal_update
    return self._update_props(
           ~~~~~~~~~~~~~~~~~~^
        kwargs, "{cls.__name__}.set() got an unexpected keyword argument "
        ^^^^^^^^^^^^^^^^^^^^^^^^^^^^^^^^^^^^^^^^^^^^^^^^^^^^^^^^^^^^^^^^^^
        "{prop_name!r}")
        ^^^^^^^^^^^^^^^^
  File "c:\Users\Hakim\AppData\Local\Programs\Python\Python313\Lib\site-packages\matplotlib\artist.py", line 1206, in _update_props
    raise AttributeError(
        errfmt.format(cls=type(self), prop_name=k),
        name=k)
AttributeError: FancyBboxPatch.set() got an unexpected keyword argument 'boxcoords'
2025-08-30 16:58:48,584 - INFO - Vérification des états des ouvrages...
2025-08-30 16:58:48,584 - INFO - Préparation du diagramme...
2025-08-30 16:58:48,585 - INFO - Génération du diagramme en cours...
2025-08-30 17:04:13,332 - INFO - Vérification des états des ouvrages...
2025-08-30 17:04:13,334 - INFO - Préparation du diagramme...
2025-08-30 17:04:13,334 - INFO - Génération du diagramme en cours...
2025-08-30 17:07:56,515 - INFO - Vérification des états des ouvrages...
2025-08-30 17:07:56,516 - INFO - Préparation du diagramme...
2025-08-30 17:07:56,517 - INFO - Génération du diagramme en cours...
2025-08-30 17:11:33,024 - INFO - Vérification des états des ouvrages...
2025-08-30 17:11:33,025 - INFO - Préparation du diagramme...
2025-08-30 17:11:33,025 - INFO - Génération du diagramme en cours...
2025-08-30 17:19:07,098 - INFO - Vérification des états des ouvrages...
2025-08-30 17:19:07,099 - INFO - Préparation du diagramme...
2025-08-30 17:19:07,099 - INFO - Génération du diagramme en cours...
2025-08-30 17:20:39,225 - INFO - Vérification des états des ouvrages...
2025-08-30 17:20:39,226 - INFO - Préparation du diagramme...
2025-08-30 17:20:39,227 - INFO - Génération du diagramme en cours...
2025-08-30 17:26:25,822 - INFO - Vérification des états des ouvrages...
2025-08-30 17:26:25,823 - INFO - Préparation du diagramme...
2025-08-30 17:26:25,823 - INFO - Génération du diagramme en cours...
2025-08-30 17:32:08,634 - INFO - Vérification des états des ouvrages...
2025-08-30 17:32:08,635 - INFO - Préparation du diagramme...
2025-08-30 17:32:08,635 - INFO - Génération du diagramme en cours...
2025-08-30 17:35:43,621 - INFO - Vérification des états des ouvrages...
2025-08-30 17:35:43,622 - INFO - Préparation du diagramme...
2025-08-30 17:35:43,623 - INFO - Génération du diagramme en cours...
2025-08-30 17:35:43,624 - ERROR - Erreur lors de la génération du diagramme: 'DiagrammeFlux' object has no attribute 'figsize'
Traceback (most recent call last):
  File "d:\IA Water Data Analysis\generateur_STEP\diagramme_flux.py", line 993, in generer_diagramme_station
    diagramme.generer_diagramme(liste_ouvrages, station.get('nom', 'Station inconnue'))
    ~~~~~~~~~~~~~~~~~~~~~~~~~~~^^^^^^^^^^^^^^^^^^^^^^^^^^^^^^^^^^^^^^^^^^^^^^^^^^^^^^^^
  File "d:\IA Water Data Analysis\generateur_STEP\diagramme_flux.py", line 856, in generer_diagramme
    ouvrages_positionnes = self.calculer_positions(filieres)
  File "d:\IA Water Data Analysis\generateur_STEP\diagramme_flux.py", line 224, in calculer_positions
    x = (self.figsize[0] - largeur_totale) / 2
         ^^^^^^^^^^^^
AttributeError: 'DiagrammeFlux' object has no attribute 'figsize'
2025-08-30 17:37:48,797 - INFO - Vérification des états des ouvrages...
2025-08-30 17:37:48,798 - INFO - Préparation du diagramme...
2025-08-30 17:37:48,798 - INFO - Génération du diagramme en cours...
2025-08-30 17:38:24,313 - INFO - Vérification des états des ouvrages...
2025-08-30 17:38:24,314 - INFO - Préparation du diagramme...
2025-08-30 17:38:24,315 - INFO - Génération du diagramme en cours...
2025-08-30 17:38:24,316 - ERROR - Erreur lors de la génération du diagramme: 'DiagrammeFlux' object has no attribute 'figsize'
Traceback (most recent call last):
  File "d:\IA Water Data Analysis\generateur_STEP\diagramme_flux.py", line 993, in generer_diagramme_station
    diagramme.generer_diagramme(liste_ouvrages, station.get('nom', 'Station inconnue'))
    ~~~~~~~~~~~~~~~~~~~~~~~~~~~^^^^^^^^^^^^^^^^^^^^^^^^^^^^^^^^^^^^^^^^^^^^^^^^^^^^^^^^
  File "d:\IA Water Data Analysis\generateur_STEP\diagramme_flux.py", line 856, in generer_diagramme
    ouvrages_positionnes = self.calculer_positions(filieres)
  File "d:\IA Water Data Analysis\generateur_STEP\diagramme_flux.py", line 224, in calculer_positions
    x = (self.figsize[0] - largeur_totale) / 2
         ^^^^^^^^^^^^
AttributeError: 'DiagrammeFlux' object has no attribute 'figsize'
2025-08-30 17:38:34,636 - INFO - Vérification des états des ouvrages...
2025-08-30 17:38:34,637 - INFO - Préparation du diagramme...
2025-08-30 17:38:34,638 - INFO - Génération du diagramme en cours...
2025-08-30 17:38:34,639 - ERROR - Erreur lors de la génération du diagramme: 'DiagrammeFlux' object has no attribute 'figsize'
Traceback (most recent call last):
  File "d:\IA Water Data Analysis\generateur_STEP\diagramme_flux.py", line 993, in generer_diagramme_station
    diagramme.generer_diagramme(liste_ouvrages, station.get('nom', 'Station inconnue'))
    ~~~~~~~~~~~~~~~~~~~~~~~~~~~^^^^^^^^^^^^^^^^^^^^^^^^^^^^^^^^^^^^^^^^^^^^^^^^^^^^^^^^
  File "d:\IA Water Data Analysis\generateur_STEP\diagramme_flux.py", line 856, in generer_diagramme
    ouvrages_positionnes = self.calculer_positions(filieres)
  File "d:\IA Water Data Analysis\generateur_STEP\diagramme_flux.py", line 224, in calculer_positions
    x = (self.figsize[0] - largeur_totale) / 2
         ^^^^^^^^^^^^
AttributeError: 'DiagrammeFlux' object has no attribute 'figsize'
2025-08-30 17:38:46,477 - INFO - Vérification des états des ouvrages...
2025-08-30 17:38:46,478 - INFO - Préparation du diagramme...
2025-08-30 17:38:46,478 - INFO - Génération du diagramme en cours...
2025-08-30 17:38:46,480 - ERROR - Erreur lors de la génération du diagramme: 'DiagrammeFlux' object has no attribute 'figsize'
Traceback (most recent call last):
  File "d:\IA Water Data Analysis\generateur_STEP\diagramme_flux.py", line 993, in generer_diagramme_station
    diagramme.generer_diagramme(liste_ouvrages, station.get('nom', 'Station inconnue'))
    ~~~~~~~~~~~~~~~~~~~~~~~~~~~^^^^^^^^^^^^^^^^^^^^^^^^^^^^^^^^^^^^^^^^^^^^^^^^^^^^^^^^
  File "d:\IA Water Data Analysis\generateur_STEP\diagramme_flux.py", line 856, in generer_diagramme
    ouvrages_positionnes = self.calculer_positions(filieres)
  File "d:\IA Water Data Analysis\generateur_STEP\diagramme_flux.py", line 224, in calculer_positions
    x = (self.figsize[0] - largeur_totale) / 2
         ^^^^^^^^^^^^
AttributeError: 'DiagrammeFlux' object has no attribute 'figsize'
2025-08-30 17:38:56,386 - INFO - Vérification des états des ouvrages...
2025-08-30 17:38:56,387 - INFO - Préparation du diagramme...
2025-08-30 17:38:56,388 - INFO - Génération du diagramme en cours...
2025-08-30 17:38:56,389 - ERROR - Erreur lors de la génération du diagramme: 'DiagrammeFlux' object has no attribute 'figsize'
Traceback (most recent call last):
  File "d:\IA Water Data Analysis\generateur_STEP\diagramme_flux.py", line 993, in generer_diagramme_station
    diagramme.generer_diagramme(liste_ouvrages, station.get('nom', 'Station inconnue'))
    ~~~~~~~~~~~~~~~~~~~~~~~~~~~^^^^^^^^^^^^^^^^^^^^^^^^^^^^^^^^^^^^^^^^^^^^^^^^^^^^^^^^
  File "d:\IA Water Data Analysis\generateur_STEP\diagramme_flux.py", line 856, in generer_diagramme
    ouvrages_positionnes = self.calculer_positions(filieres)
  File "d:\IA Water Data Analysis\generateur_STEP\diagramme_flux.py", line 224, in calculer_positions
    x = (self.figsize[0] - largeur_totale) / 2
         ^^^^^^^^^^^^
AttributeError: 'DiagrammeFlux' object has no attribute 'figsize'
2025-08-30 17:39:13,918 - INFO - Vérification des états des ouvrages...
2025-08-30 17:39:13,920 - INFO - Préparation du diagramme...
2025-08-30 17:39:13,922 - INFO - Génération du diagramme en cours...
2025-08-30 17:39:13,924 - ERROR - Erreur lors de la génération du diagramme: 'DiagrammeFlux' object has no attribute 'figsize'
Traceback (most recent call last):
  File "d:\IA Water Data Analysis\generateur_STEP\diagramme_flux.py", line 993, in generer_diagramme_station
    diagramme.generer_diagramme(liste_ouvrages, station.get('nom', 'Station inconnue'))
    ~~~~~~~~~~~~~~~~~~~~~~~~~~~^^^^^^^^^^^^^^^^^^^^^^^^^^^^^^^^^^^^^^^^^^^^^^^^^^^^^^^^
  File "d:\IA Water Data Analysis\generateur_STEP\diagramme_flux.py", line 856, in generer_diagramme
    ouvrages_positionnes = self.calculer_positions(filieres)
  File "d:\IA Water Data Analysis\generateur_STEP\diagramme_flux.py", line 224, in calculer_positions
    x = (self.figsize[0] - largeur_totale) / 2
         ^^^^^^^^^^^^
AttributeError: 'DiagrammeFlux' object has no attribute 'figsize'
2025-08-30 17:42:37,100 - INFO - Vérification des états des ouvrages...
2025-08-30 17:42:37,101 - INFO - Préparation du diagramme...
2025-08-30 17:42:37,102 - INFO - Génération du diagramme en cours...
2025-08-30 17:45:29,425 - INFO - Vérification des états des ouvrages...
2025-08-30 17:45:29,426 - INFO - Préparation du diagramme...
2025-08-30 17:45:29,427 - INFO - Génération du diagramme en cours...
